<?xml version="1.0" encoding="UTF-8" ?>
<<<<<<< HEAD
<testsuite tests="1" failures="0" name="TesteLogin.LogoutTest" time="31.615" errors="0" skipped="0">
=======
<testsuite tests="1" failures="0" name="TesteLogin.LogoutTest" time="86.996" errors="0" skipped="0">
>>>>>>> 4fe05f462f74af9c6ae51e7a9eb5874ade046c12
  <properties>
    <property name="java.runtime.name" value="Java(TM) SE Runtime Environment"/>
    <property name="sun.boot.library.path" value="/home/douglas/Netbeans&amp;JDK/jdk1.8.0_111/jre/lib/amd64"/>
    <property name="java.vm.version" value="25.111-b14"/>
    <property name="user.country.format" value="BR"/>
    <property name="java.vm.vendor" value="Oracle Corporation"/>
    <property name="java.vendor.url" value="http://java.oracle.com/"/>
    <property name="path.separator" value=":"/>
    <property name="guice.disable.misplaced.annotation.check" value="true"/>
    <property name="java.vm.name" value="Java HotSpot(TM) 64-Bit Server VM"/>
    <property name="file.encoding.pkg" value="sun.io"/>
    <property name="user.country" value="US"/>
    <property name="sun.java.launcher" value="SUN_STANDARD"/>
    <property name="sun.os.patch.level" value="unknown"/>
    <property name="test" value="TesteLogin.LogoutTest"/>
    <property name="java.vm.specification.name" value="Java Virtual Machine Specification"/>
    <property name="user.dir" value="/home/douglas/NetBeansProjects/full-teaching-grupo-8"/>
    <property name="java.runtime.version" value="1.8.0_111-b14"/>
    <property name="java.awt.graphicsenv" value="sun.awt.X11GraphicsEnvironment"/>
    <property name="java.endorsed.dirs" value="/home/douglas/Netbeans&amp;JDK/jdk1.8.0_111/jre/lib/endorsed"/>
    <property name="os.arch" value="amd64"/>
    <property name="java.io.tmpdir" value="/tmp"/>
    <property name="line.separator" value="
"/>
    <property name="java.vm.specification.vendor" value="Oracle Corporation"/>
<<<<<<< HEAD
    <property name="user.variant" value=""/>
    <property name="os.name" value="Windows 8.1"/>
    <property name="maven.ext.class.path" value="C:\Program Files\NetBeans 8.2\java\maven-nblib\netbeans-eventspy.jar"/>
    <property name="classworlds.conf" value="C:\Program Files\NetBeans 8.2\java\maven\bin\m2.conf"/>
    <property name="sun.jnu.encoding" value="Cp1252"/>
    <property name="java.library.path" value="C:\Program Files\Java\jdk1.8.0_161\bin;C:\Windows\Sun\Java\bin;C:\Windows\system32;C:\Windows;C:\Program Files (x86)\Common Files\Oracle\Java\javapath;C:\ProgramData\Oracle\Java\javapath;C:\Windows\system32;C:\Windows;C:\Windows\System32\Wbem;C:\Windows\System32\WindowsPowerShell\v1.0\;C:\Program Files (x86)\ATI Technologies\ATI.ACE\Core-Static;C:\xampp\php;C:\ProgramData\ComposerSetup\bin;C:\Program Files\Git\cmd;C:\Program Files\nodejs\;C:\MinGW\bin;C:\Users\Ramon Larivoir\AppData\Roaming\Composer\vendor\bin;C:\Program Files\Microsoft VS Code\bin;C:\Users\Ramon Larivoir\AppData\Roaming\npm;."/>
=======
    <property name="os.name" value="Linux"/>
    <property name="maven.ext.class.path" value="/home/douglas/Netbeans&amp;JDK/netbeans-8.2/java/maven-nblib/netbeans-eventspy.jar"/>
    <property name="classworlds.conf" value="/home/douglas/Netbeans&amp;JDK/netbeans-8.2/java/maven/bin/m2.conf"/>
    <property name="sun.jnu.encoding" value="UTF-8"/>
    <property name="java.library.path" value="/home/douglas/Netbeans&amp;JDK/jdk1.8.0_111/jre/lib/amd64:/home/douglas/Netbeans&amp;JDK/jdk1.8.0_111/jre/lib/i386::/usr/java/packages/lib/amd64:/usr/lib64:/lib64:/lib:/usr/lib"/>
>>>>>>> 4fe05f462f74af9c6ae51e7a9eb5874ade046c12
    <property name="java.specification.name" value="Java Platform API Specification"/>
    <property name="java.class.version" value="52.0"/>
    <property name="sun.management.compiler" value="HotSpot 64-Bit Tiered Compilers"/>
    <property name="os.version" value="4.15.0-20-generic"/>
    <property name="user.home" value="/home/douglas"/>
    <property name="user.timezone" value="America/Sao_Paulo"/>
    <property name="java.awt.printerjob" value="sun.print.PSPrinterJob"/>
    <property name="java.specification.version" value="1.8"/>
    <property name="file.encoding" value="UTF-8"/>
    <property name="user.name" value="douglas"/>
    <property name="java.class.path" value="/home/douglas/Netbeans&amp;JDK/netbeans-8.2/java/maven/boot/plexus-classworlds-2.4.jar"/>
    <property name="java.vm.specification.version" value="1.8"/>
    <property name="sun.arch.data.model" value="64"/>
<<<<<<< HEAD
    <property name="java.home" value="C:\Program Files\Java\jdk1.8.0_161\jre"/>
    <property name="sun.java.command" value="org.codehaus.plexus.classworlds.launcher.Launcher -Dtest=TesteLogin.LogoutTest -Dmaven.ext.class.path=C:\Program Files\NetBeans 8.2\java\maven-nblib\netbeans-eventspy.jar -Dfile.encoding=UTF-8 surefire:test"/>
=======
    <property name="java.home" value="/home/douglas/Netbeans&amp;JDK/jdk1.8.0_111/jre"/>
    <property name="sun.java.command" value="org.codehaus.plexus.classworlds.launcher.Launcher -Dtest=TesteLogin.LogoutTest -Dmaven.ext.class.path=/home/douglas/Netbeans&amp;JDK/netbeans-8.2/java/maven-nblib/netbeans-eventspy.jar surefire:test"/>
>>>>>>> 4fe05f462f74af9c6ae51e7a9eb5874ade046c12
    <property name="java.specification.vendor" value="Oracle Corporation"/>
    <property name="user.language" value="en"/>
    <property name="user.language.format" value="pt"/>
    <property name="awt.toolkit" value="sun.awt.X11.XToolkit"/>
    <property name="java.vm.info" value="mixed mode"/>
    <property name="java.version" value="1.8.0_111"/>
    <property name="java.ext.dirs" value="/home/douglas/Netbeans&amp;JDK/jdk1.8.0_111/jre/lib/ext:/usr/java/packages/lib/ext"/>
    <property name="securerandom.source" value="file:/dev/./urandom"/>
    <property name="sun.boot.class.path" value="/home/douglas/Netbeans&amp;JDK/jdk1.8.0_111/jre/lib/resources.jar:/home/douglas/Netbeans&amp;JDK/jdk1.8.0_111/jre/lib/rt.jar:/home/douglas/Netbeans&amp;JDK/jdk1.8.0_111/jre/lib/sunrsasign.jar:/home/douglas/Netbeans&amp;JDK/jdk1.8.0_111/jre/lib/jsse.jar:/home/douglas/Netbeans&amp;JDK/jdk1.8.0_111/jre/lib/jce.jar:/home/douglas/Netbeans&amp;JDK/jdk1.8.0_111/jre/lib/charsets.jar:/home/douglas/Netbeans&amp;JDK/jdk1.8.0_111/jre/lib/jfr.jar:/home/douglas/Netbeans&amp;JDK/jdk1.8.0_111/jre/classes"/>
    <property name="java.vendor" value="Oracle Corporation"/>
    <property name="maven.home" value="/home/douglas/Netbeans&amp;JDK/netbeans-8.2/java/maven"/>
    <property name="file.separator" value="/"/>
    <property name="java.vendor.url.bug" value="http://bugreport.sun.com/bugreport/"/>
    <property name="sun.cpu.endian" value="little"/>
    <property name="sun.io.unicode.encoding" value="UnicodeLittle"/>
    <property name="sun.cpu.isalist" value=""/>
  </properties>
<<<<<<< HEAD
  <testcase classname="TesteLogin.LogoutTest" name="testaLogout" time="0.895"/>
=======
  <testcase classname="TesteLogin.LogoutTest" name="testaLogout" time="4.954"/>
>>>>>>> 4fe05f462f74af9c6ae51e7a9eb5874ade046c12
</testsuite>